Using pre-set license
Built from '2021.2/staging' branch; Version is '2021.2.17f1 (efb8f635e7b1) revision 15710454'; Using compiler version '192829333'; Build Type 'Release'
OS: 'Windows 10  (10.0.19045) 64bit Professional' Language: 'en' Physical Memory: 16253 MB
BatchMode: 1, IsHumanControllingUs: 0, StartBugReporterOnCrash: 0, Is64bit: 1, IsPro: 1

COMMAND LINE ARGUMENTS:
P:\Unity\2021.2.17f1\Editor\Unity.exe
-adb2
-batchMode
-noUpm
-name
AssetImportWorker0
-projectPath
P:/Github/Anino-SE-Exam/SE-Exam
-logFile
Logs/AssetImportWorker0.log
-srvPort
63522
Successfully changed project path to: P:/Github/Anino-SE-Exam/SE-Exam
P:/Github/Anino-SE-Exam/SE-Exam
[UnityMemory] Configuration Parameters - Can be set up in boot.config
    "memorysetup-bucket-allocator-granularity=16"
    "memorysetup-bucket-allocator-bucket-count=8"
    "memorysetup-bucket-allocator-block-size=33554432"
    "memorysetup-bucket-allocator-block-count=8"
    "memorysetup-main-allocator-block-size=16777216"
    "memorysetup-thread-allocator-block-size=16777216"
    "memorysetup-gfx-main-allocator-block-size=16777216"
    "memorysetup-gfx-thread-allocator-block-size=16777216"
    "memorysetup-cache-allocator-block-size=4194304"
    "memorysetup-typetree-allocator-block-size=2097152"
    "memorysetup-profiler-bucket-allocator-granularity=16"
    "memorysetup-profiler-bucket-allocator-bucket-count=8"
    "memorysetup-profiler-bucket-allocator-block-size=33554432"
    "memorysetup-profiler-bucket-allocator-block-count=8"
    "memorysetup-profiler-allocator-block-size=16777216"
    "memorysetup-profiler-editor-allocator-block-size=1048576"
    "memorysetup-temp-allocator-size-main=16777216"
    "memorysetup-job-temp-allocator-block-size=2097152"
    "memorysetup-job-temp-allocator-block-size-background=1048576"
    "memorysetup-job-temp-allocator-reduction-small-platforms=262144"
    "memorysetup-temp-allocator-size-background-worker=32768"
    "memorysetup-temp-allocator-size-job-worker=262144"
    "memorysetup-temp-allocator-size-preload-manager=33554432"
    "memorysetup-temp-allocator-size-nav-mesh-worker=65536"
    "memorysetup-temp-allocator-size-audio-worker=65536"
    "memorysetup-temp-allocator-size-cloud-worker=32768"
    "memorysetup-temp-allocator-size-gi-baking-worker=262144"
    "memorysetup-temp-allocator-size-gfx=262144"
Refreshing native plugins compatible for Editor in 104.60 ms, found 4 plugins.
Preloading 0 native plugins for Editor in 0.00 ms.
Initialize engine version: 2021.2.17f1 (efb8f635e7b1)
[Subsystems] Discovering subsystems at path P:/Unity/2021.2.17f1/Editor/Data/Resources/UnitySubsystems
[Subsystems] Discovering subsystems at path P:/Github/Anino-SE-Exam/SE-Exam/Assets
GfxDevice: creating device client; threaded=0; jobified=0
Direct3D:
    Version:  Direct3D 11.0 [level 11.1]
    Renderer: Radeon RX 570 Series (ID=0x67df)
    Vendor:   ATI
    VRAM:     4074 MB
    Driver:   31.0.14033.1012
Initialize mono
Mono path[0] = 'P:/Unity/2021.2.17f1/Editor/Data/Managed'
Mono path[1] = 'P:/Unity/2021.2.17f1/Editor/Data/MonoBleedingEdge/lib/mono/unityjit-win32'
Mono config path = 'P:/Unity/2021.2.17f1/Editor/Data/MonoBleedingEdge/etc'
Using monoOptions --debugger-agent=transport=dt_socket,embedding=1,server=y,suspend=n,address=127.0.0.1:56160
Begin MonoManager ReloadAssembly
Registering precompiled unity dll's ...
Register platform support module: P:/Unity/2021.2.17f1/Editor/Data/PlaybackEngines/AndroidPlayer/UnityEditor.Android.Extensions.dll
Register platform support module: P:/Unity/2021.2.17f1/Editor/Data/PlaybackEngines/WindowsStandaloneSupport/UnityEditor.WindowsStandalone.Extensions.dll
Registered in 0.002329 seconds.
Native extension for WindowsStandalone target not found
Native extension for Android target not found
Refreshing native plugins compatible for Editor in 113.62 ms, found 4 plugins.
Preloading 0 native plugins for Editor in 0.00 ms.
Mono: successfully reloaded assembly
- Completed reload, in  0.786 seconds
Domain Reload Profiling:
	ReloadAssembly (786ms)
		BeginReloadAssembly (90ms)
			ExecutionOrderSort (0ms)
			DisableScriptedObjects (0ms)
			BackupInstance (0ms)
			ReleaseScriptingObjects (0ms)
			CreateAndSetChildDomain (1ms)
		EndReloadAssembly (572ms)
			LoadAssemblies (89ms)
			RebuildTransferFunctionScriptingTraits (0ms)
			SetupTypeCache (138ms)
			ReleaseScriptCaches (0ms)
			RebuildScriptCaches (34ms)
			SetupLoadedEditorAssemblies (347ms)
				LogAssemblyErrors (0ms)
				InitializePlatformSupportModulesInManaged (63ms)
				SetLoadedEditorAssemblies (0ms)
				RefreshPlugins (114ms)
				BeforeProcessingInitializeOnLoad (1ms)
				ProcessInitializeOnLoadAttributes (125ms)
				ProcessInitializeOnLoadMethodAttributes (44ms)
				AfterProcessingInitializeOnLoad (0ms)
				EditorAssembliesLoaded (0ms)
			ExecutionOrderSort2 (0ms)
			AwakeInstancesAfterBackupRestoration (0ms)
Platform modules already initialized, skipping
Registering precompiled user dll's ...
Registered in 0.004466 seconds.
Begin MonoManager ReloadAssembly
Symbol file LoadedFromMemory doesn't match image P:\Github\Anino-SE-Exam\SE-Exam\Library\PackageCache\com.unity.visualscripting@1.7.6\Editor\VisualScripting.Core\Dependencies\YamlDotNet\Unity.VisualScripting.YamlDotNet.dll
Symbol file LoadedFromMemory doesn't match image P:\Github\Anino-SE-Exam\SE-Exam\Library\PackageCache\com.unity.visualscripting@1.7.6\Editor\VisualScripting.Core\Dependencies\DotNetZip\Unity.VisualScripting.IonicZip.dll
Native extension for WindowsStandalone target not found
Native extension for Android target not found
Refreshing native plugins compatible for Editor in 107.29 ms, found 4 plugins.
Preloading 0 native plugins for Editor in 0.00 ms.
Mono: successfully reloaded assembly
Package Manager log level set to [2]
- Completed reload, in  1.437 seconds
Domain Reload Profiling:
	ReloadAssembly (1438ms)
		BeginReloadAssembly (219ms)
			ExecutionOrderSort (0ms)
			DisableScriptedObjects (6ms)
			BackupInstance (0ms)
			ReleaseScriptingObjects (0ms)
			CreateAndSetChildDomain (130ms)
		EndReloadAssembly (1114ms)
			LoadAssemblies (71ms)
			RebuildTransferFunctionScriptingTraits (0ms)
			SetupTypeCache (233ms)
			ReleaseScriptCaches (1ms)
			RebuildScriptCaches (55ms)
			SetupLoadedEditorAssemblies (701ms)
				LogAssemblyErrors (0ms)
				InitializePlatformSupportModulesInManaged (11ms)
				SetLoadedEditorAssemblies (0ms)
				RefreshPlugins (107ms)
				BeforeProcessingInitializeOnLoad (98ms)
				ProcessInitializeOnLoadAttributes (446ms)
				ProcessInitializeOnLoadMethodAttributes (35ms)
				AfterProcessingInitializeOnLoad (2ms)
				EditorAssembliesLoaded (0ms)
			ExecutionOrderSort2 (0ms)
			AwakeInstancesAfterBackupRestoration (5ms)
Platform modules already initialized, skipping
========================================================================
Worker process is ready to serve import requests
Launched and connected shader compiler UnityShaderCompiler.exe after 0.04 seconds
Refreshing native plugins compatible for Editor in 0.73 ms, found 4 plugins.
Preloading 0 native plugins for Editor in 0.00 ms.
Unloading 4126 Unused Serialized files (Serialized files now loaded: 0)
Unloading 56 unused Assets / (225.2 KB). Loaded Objects now: 4565.
Memory consumption went from 154.0 MB to 153.8 MB.
Total: 3.926400 ms (FindLiveObjects: 0.296500 ms CreateObjectMapping: 0.260800 ms MarkObjects: 3.230700 ms  DeleteObjects: 0.137700 ms)

AssetImportParameters requested are different than current active one (requested -> active):
  custom:video-decoder-ogg-theora: a1e56fd34408186e4bbccfd4996cb3dc -> 
  custom:container-muxer-webm: aa71ff27fc2769a1b78a27578f13a17b -> 
  custom:container-demuxer-webm: 4f35f7cbe854078d1ac9338744f61a02 -> 
  custom:video-encoder-webm-vp8: eb34c28f22e8b96e1ab97ce403110664 -> 
  custom:audio-encoder-webm-vorbis: bf7c407c2cedff20999df2af8eb42d56 -> 
  custom:framework-win-MediaFoundation: 216162199b28c13a410421893ffa2e32 -> 
  custom:container-demuxer-ogg: 62fdf1f143b41e24485cea50d1cbac27 -> 
  custom:video-decoder-webm-vp8: 9c59270c3fd7afecdb556c50c9e8de78 -> 
  custom:audio-decoder-ogg-vorbis: bf7c407c2cedff20999df2af8eb42d56 -> 
========================================================================
Received Import Request.
  Time since last request: 77317.528986 seconds.
  path: Assets/Readme.asset
  artifactKey: Guid(7f2c382dc2c22446db59030979f6e495) Importer(815301076,1909f56bfc062723c751e8b465ee728b)
Start importing Assets/Readme.asset using Guid(7f2c382dc2c22446db59030979f6e495) Importer(815301076,1909f56bfc062723c751e8b465ee728b)  -> (artifact id: 'bb5a96da0d1335ae901594340dde250e') in 0.040442 seconds 
========================================================================
Received Import Request.
  Time since last request: 111.463114 seconds.
  path: Assets/Scenes
  artifactKey: Guid(6dfd85869103c8947a115d1e79dd5d19) Importer(815301076,1909f56bfc062723c751e8b465ee728b)
Start importing Assets/Scenes using Guid(6dfd85869103c8947a115d1e79dd5d19) Importer(815301076,1909f56bfc062723c751e8b465ee728b)  -> (artifact id: 'f7db9df9c31f73082f0c3a373229737c') in 0.007742 seconds 
========================================================================
Received Import Request.
  Time since last request: 0.472341 seconds.
  path: Assets/Scenes/SampleScene.unity
  artifactKey: Guid(3fc8acdd13e6c734bafef6554d6fdbcd) Importer(815301076,1909f56bfc062723c751e8b465ee728b)
Start importing Assets/Scenes/SampleScene.unity using Guid(3fc8acdd13e6c734bafef6554d6fdbcd) Importer(815301076,1909f56bfc062723c751e8b465ee728b)  -> (artifact id: '5b8f5f717687578b16cf739187b9865c') in 0.005730 seconds 
========================================================================
Received Import Request.
  Time since last request: 5.237192 seconds.
  path: Assets/Scenes/Main.unity
  artifactKey: Guid(3fc8acdd13e6c734bafef6554d6fdbcd) Importer(815301076,1909f56bfc062723c751e8b465ee728b)
Start importing Assets/Scenes/Main.unity using Guid(3fc8acdd13e6c734bafef6554d6fdbcd) Importer(815301076,1909f56bfc062723c751e8b465ee728b)  -> (artifact id: '6d7aa6bada92d0d7512be1d897b7aa9c') in 0.006065 seconds 
========================================================================
Received Import Request.
  Time since last request: 118.777952 seconds.
  path: Assets
  artifactKey: Guid(00000000000000001000000000000000) Importer(815301076,1909f56bfc062723c751e8b465ee728b)
Start importing Assets using Guid(00000000000000001000000000000000) Importer(815301076,1909f56bfc062723c751e8b465ee728b)  -> (artifact id: '79842766b460edbeab6a34051e857a80') in 0.006814 seconds 
========================================================================
Received Import Request.
  Time since last request: 55.045447 seconds.
  path: Assets/New Folder
  artifactKey: Guid(f9b64355ecf49ba4fa269d4eefbee357) Importer(815301076,1909f56bfc062723c751e8b465ee728b)
Start importing Assets/New Folder using Guid(f9b64355ecf49ba4fa269d4eefbee357) Importer(815301076,1909f56bfc062723c751e8b465ee728b)  -> (artifact id: '75b28e9550fd8a2d63432c7a57ea2d42') in 0.005731 seconds 
========================================================================
Received Import Request.
  Time since last request: 3.997870 seconds.
  path: Assets/Tilesets
  artifactKey: Guid(f9b64355ecf49ba4fa269d4eefbee357) Importer(815301076,1909f56bfc062723c751e8b465ee728b)
Start importing Assets/Tilesets using Guid(f9b64355ecf49ba4fa269d4eefbee357) Importer(815301076,1909f56bfc062723c751e8b465ee728b)  -> (artifact id: 'a2403fb5d1e22ecf17ebffafca8976a8') in 0.005547 seconds 
========================================================================
Received Import Request.
  Time since last request: 6.497102 seconds.
  path: Assets/Assets
  artifactKey: Guid(f9b64355ecf49ba4fa269d4eefbee357) Importer(815301076,1909f56bfc062723c751e8b465ee728b)
Start importing Assets/Assets using Guid(f9b64355ecf49ba4fa269d4eefbee357) Importer(815301076,1909f56bfc062723c751e8b465ee728b)  -> (artifact id: 'c80dcb26a3aa9bbacbaa2e3ae71327cc') in 0.001418 seconds 
========================================================================
Received Import Request.
  Time since last request: 8.286410 seconds.
  path: Assets/Assets/symbols.png
  artifactKey: Guid(85740e71b453c9b46a92d074566d20c3) Importer(815301076,1909f56bfc062723c751e8b465ee728b)
Start importing Assets/Assets/symbols.png using Guid(85740e71b453c9b46a92d074566d20c3) Importer(815301076,1909f56bfc062723c751e8b465ee728b)  -> (artifact id: '908657a7c5f711cc2279e4e700c291be') in 0.161034 seconds 
========================================================================
Received Import Request.
  Time since last request: 6.675556 seconds.
  path: Assets/Assets/ui_atlas.png
  artifactKey: Guid(27d3ca64458cb4f48ad3d13919370e88) Importer(815301076,1909f56bfc062723c751e8b465ee728b)
Start importing Assets/Assets/ui_atlas.png using Guid(27d3ca64458cb4f48ad3d13919370e88) Importer(815301076,1909f56bfc062723c751e8b465ee728b)  -> (artifact id: '3313a40a7cb5376d38eb625220703d76') in 0.014940 seconds 
========================================================================
Received Import Request.
  Time since last request: 567.025634 seconds.
  path: Assets/Assets/ui_atlas.png
  artifactKey: Guid(27d3ca64458cb4f48ad3d13919370e88) Importer(815301076,1909f56bfc062723c751e8b465ee728b)
Start importing Assets/Assets/ui_atlas.png using Guid(27d3ca64458cb4f48ad3d13919370e88) Importer(815301076,1909f56bfc062723c751e8b465ee728b)  -> (artifact id: 'a02e8355719db4f41bf63928efb14fe4') in 0.136658 seconds 
========================================================================
Received Import Request.
  Time since last request: 1309.850033 seconds.
  path: Assets/Assets/ui_atlas.png
  artifactKey: Guid(27d3ca64458cb4f48ad3d13919370e88) Importer(815301076,1909f56bfc062723c751e8b465ee728b)
Start importing Assets/Assets/ui_atlas.png using Guid(27d3ca64458cb4f48ad3d13919370e88) Importer(815301076,1909f56bfc062723c751e8b465ee728b)  -> (artifact id: 'e362ae44d3eb75d59ce680c53700cd17') in 0.244366 seconds 
========================================================================
Received Import Request.
  Time since last request: 85.754195 seconds.
  path: Assets/Assets/ui_atlas.png
  artifactKey: Guid(27d3ca64458cb4f48ad3d13919370e88) Importer(815301076,1909f56bfc062723c751e8b465ee728b)
Start importing Assets/Assets/ui_atlas.png using Guid(27d3ca64458cb4f48ad3d13919370e88) Importer(815301076,1909f56bfc062723c751e8b465ee728b)  -> (artifact id: '768e78665e3774af71a08db3013b9aa5') in 0.254634 seconds 
========================================================================
Received Import Request.
  Time since last request: 182.714223 seconds.
  path: Assets/Assets/ui_atlas.png
  artifactKey: Guid(27d3ca64458cb4f48ad3d13919370e88) Importer(815301076,1909f56bfc062723c751e8b465ee728b)
Start importing Assets/Assets/ui_atlas.png using Guid(27d3ca64458cb4f48ad3d13919370e88) Importer(815301076,1909f56bfc062723c751e8b465ee728b)  -> (artifact id: '26da62c60e52889aa2f4d83094d03984') in 0.262912 seconds 
========================================================================
Received Import Request.
  Time since last request: 13.533021 seconds.
  path: Assets/Assets/ui_atlas.png
  artifactKey: Guid(27d3ca64458cb4f48ad3d13919370e88) Importer(815301076,1909f56bfc062723c751e8b465ee728b)
Start importing Assets/Assets/ui_atlas.png using Guid(27d3ca64458cb4f48ad3d13919370e88) Importer(815301076,1909f56bfc062723c751e8b465ee728b)  -> (artifact id: 'a59b531969368f6f4a6957b79fdf7af7') in 0.231857 seconds 
========================================================================
Received Import Request.
  Time since last request: 21.756608 seconds.
  path: Assets/Assets/ui_atlas.png
  artifactKey: Guid(27d3ca64458cb4f48ad3d13919370e88) Importer(815301076,1909f56bfc062723c751e8b465ee728b)
Start importing Assets/Assets/ui_atlas.png using Guid(27d3ca64458cb4f48ad3d13919370e88) Importer(815301076,1909f56bfc062723c751e8b465ee728b)  -> (artifact id: '5c703cb086e06d2a49bc2104a59a86a6') in 0.270620 seconds 
========================================================================
Received Import Request.
  Time since last request: 42.112738 seconds.
  path: Assets/Assets/symbols.png
  artifactKey: Guid(85740e71b453c9b46a92d074566d20c3) Importer(815301076,1909f56bfc062723c751e8b465ee728b)
Start importing Assets/Assets/symbols.png using Guid(85740e71b453c9b46a92d074566d20c3) Importer(815301076,1909f56bfc062723c751e8b465ee728b)  -> (artifact id: '535f3be27b828ad6137fc832ad3351b7') in 0.011159 seconds 
========================================================================
Received Import Request.
  Time since last request: 48.495919 seconds.
  path: Assets/Assets/symbols.png
  artifactKey: Guid(85740e71b453c9b46a92d074566d20c3) Importer(815301076,1909f56bfc062723c751e8b465ee728b)
Start importing Assets/Assets/symbols.png using Guid(85740e71b453c9b46a92d074566d20c3) Importer(815301076,1909f56bfc062723c751e8b465ee728b)  -> (artifact id: '74b0806eec6aa5f88e341d48d0a603ea') in 0.724685 seconds 
========================================================================
Received Import Request.
  Time since last request: 23.483334 seconds.
  path: Assets/Assets/symbols.png
  artifactKey: Guid(85740e71b453c9b46a92d074566d20c3) Importer(815301076,1909f56bfc062723c751e8b465ee728b)
Start importing Assets/Assets/symbols.png using Guid(85740e71b453c9b46a92d074566d20c3) Importer(815301076,1909f56bfc062723c751e8b465ee728b)  -> (artifact id: '6c2f507be4e8f2bb9ada4effeda2fa13') in 0.062143 seconds 
========================================================================
Received Import Request.
  Time since last request: 10.466704 seconds.
  path: Assets/Assets/symbols.png
  artifactKey: Guid(85740e71b453c9b46a92d074566d20c3) Importer(815301076,1909f56bfc062723c751e8b465ee728b)
Start importing Assets/Assets/symbols.png using Guid(85740e71b453c9b46a92d074566d20c3) Importer(815301076,1909f56bfc062723c751e8b465ee728b)  -> (artifact id: '15b3c7b1eff5c29417892cced7f67c5a') in 0.012170 seconds 
========================================================================
Received Import Request.
  Time since last request: 105.111678 seconds.
  path: Assets/Assets/symbols.png
  artifactKey: Guid(85740e71b453c9b46a92d074566d20c3) Importer(815301076,1909f56bfc062723c751e8b465ee728b)
Start importing Assets/Assets/symbols.png using Guid(85740e71b453c9b46a92d074566d20c3) Importer(815301076,1909f56bfc062723c751e8b465ee728b)  -> (artifact id: '750ff902f1bb20281ab60834b67583f5') in 0.094479 seconds 
